<?xml version="1.0" encoding="UTF-8"?>
<!-- Generated by org.testng.reporters.JUnitXMLReporter -->
<testsuite hostname="MOHAN" name="Test" tests="1" failures="0" timestamp="3 Sep 2022 23:17:08 GMT" time="225.142" errors="0">
  <testcase name="@BeforeMethod BeforeMethod" time="0.0" classname="com.testng.HotelAddict">
    <failure type="org.openqa.selenium.TimeoutException" message="java.util.concurrent.TimeoutException
Build info: version: &amp;apos;4.3.0&amp;apos;, revision: &amp;apos;a4995e2c09*&amp;apos;
System info: host: &amp;apos;MOHAN&amp;apos;, ip: &amp;apos;192.168.43.152&amp;apos;, os.name: &amp;apos;Windows 10&amp;apos;, os.arch: &amp;apos;amd64&amp;apos;, os.version: &amp;apos;10.0&amp;apos;, java.version: &amp;apos;1.8.0_202&amp;apos;
Driver info: org.openqa.selenium.edge.EdgeDriver
Command: [29c4a76f560c749f6f0639e4a2ecc7d5, get {url=http://adactin.com/HotelApp/}]
Capabilities {acceptInsecureCerts: false, browserName: msedge, browserVersion: 104.0.1293.70, ms:edgeOptions: {debuggerAddress: localhost:54240}, msedge: {msedgedriverVersion: 104.0.1293.81 (97c1dca9751d..., userDataDir: C:\Users\91967\AppData\Loca...}, networkConnectionEnabled: false, pageLoadStrategy: normal, platformName: WINDOWS, proxy: Proxy(), se:cdp: ws://localhost:54240/devtoo..., se:cdpVersion: 104.0.1293.70, setWindowRect: true, strictFileInteractability: false, timeouts: {implicit: 0, pageLoad: 300000, script: 30000}, unhandledPromptBehavior: dismiss and notify, webauthn:extension:credBlob: true, webauthn:extension:largeBlob: true, webauthn:virtualAuthenticators: true}
Session ID: 29c4a76f560c749f6f0639e4a2ecc7d5">
      <![CDATA[org.openqa.selenium.TimeoutException: java.util.concurrent.TimeoutException
Build info: version: '4.3.0', revision: 'a4995e2c09*'
System info: host: 'MOHAN', ip: '192.168.43.152', os.name: 'Windows 10', os.arch: 'amd64', os.version: '10.0', java.version: '1.8.0_202'
Driver info: org.openqa.selenium.edge.EdgeDriver
Command: [29c4a76f560c749f6f0639e4a2ecc7d5, get {url=http://adactin.com/HotelApp/}]
Capabilities {acceptInsecureCerts: false, browserName: msedge, browserVersion: 104.0.1293.70, ms:edgeOptions: {debuggerAddress: localhost:54240}, msedge: {msedgedriverVersion: 104.0.1293.81 (97c1dca9751d..., userDataDir: C:\Users\91967\AppData\Loca...}, networkConnectionEnabled: false, pageLoadStrategy: normal, platformName: WINDOWS, proxy: Proxy(), se:cdp: ws://localhost:54240/devtoo..., se:cdpVersion: 104.0.1293.70, setWindowRect: true, strictFileInteractability: false, timeouts: {implicit: 0, pageLoad: 300000, script: 30000}, unhandledPromptBehavior: dismiss and notify, webauthn:extension:credBlob: true, webauthn:extension:largeBlob: true, webauthn:virtualAuthenticators: true}
Session ID: 29c4a76f560c749f6f0639e4a2ecc7d5
	at org.openqa.selenium.remote.http.netty.NettyHttpHandler.makeCall(NettyHttpHandler.java:65)
	at org.openqa.selenium.remote.http.AddSeleniumUserAgent.lambda$apply$0(AddSeleniumUserAgent.java:42)
	at org.openqa.selenium.remote.http.Filter.lambda$andFinally$1(Filter.java:56)
	at org.openqa.selenium.remote.http.netty.NettyHttpHandler.execute(NettyHttpHandler.java:49)
	at org.openqa.selenium.remote.http.AddSeleniumUserAgent.lambda$apply$0(AddSeleniumUserAgent.java:42)
	at org.openqa.selenium.remote.http.Filter.lambda$andFinally$1(Filter.java:56)
	at org.openqa.selenium.remote.http.netty.NettyClient.execute(NettyClient.java:98)
	at org.openqa.selenium.remote.HttpCommandExecutor.execute(HttpCommandExecutor.java:181)
	at org.openqa.selenium.remote.service.DriverCommandExecutor.invokeExecute(DriverCommandExecutor.java:167)
	at org.openqa.selenium.remote.service.DriverCommandExecutor.execute(DriverCommandExecutor.java:142)
	at org.openqa.selenium.remote.RemoteWebDriver.execute(RemoteWebDriver.java:569)
	at org.openqa.selenium.remote.RemoteWebDriver.get(RemoteWebDriver.java:332)
	at com.datadriven.base.BaseClass.openApp(BaseClass.java:35)
	at com.testng.HotelAddict.BeforeMethod(HotelAddict.java:68)
Caused by: java.util.concurrent.TimeoutException
	at java.util.concurrent.CompletableFuture.timedGet(CompletableFuture.java:1771)
	at java.util.concurrent.CompletableFuture.get(CompletableFuture.java:1915)
	at org.asynchttpclient.netty.NettyResponseFuture.get(NettyResponseFuture.java:206)
	at org.openqa.selenium.remote.http.netty.NettyHttpHandler.makeCall(NettyHttpHandler.java:59)
	... 43 more
... Removed 30 stack frames]]>
    </failure>
  </testcase> <!-- @BeforeMethod BeforeMethod -->
  <testcase name="@AfterMethod AfterMethod" time="0.0" classname="com.testng.HotelAddict">
    <skipped/>
  </testcase> <!-- @AfterMethod AfterMethod -->
  <testcase name="@AfterClass Afterclass" time="0.0" classname="com.testng.HotelAddict">
    <skipped/>
  </testcase> <!-- @AfterClass Afterclass -->
  <testcase name="@AfterTest AfterTest" time="0.0" classname="com.testng.HotelAddict">
    <skipped/>
  </testcase> <!-- @AfterTest AfterTest -->
  <testcase name="login" time="0.002" classname="com.testng.HotelAddict">
    <skipped/>
  </testcase> <!-- login -->
</testsuite> <!-- Test -->
